# JRE version: Java(TM) SE Runtime Environment (8.0_181-b13) (build 1.8.0_181-b13)
# Java VM: Java HotSpot(TM) 64-Bit Server VM (25.181-b13 mixed mode windows-amd64 compressed oops)
Heap:
 PSYoungGen      total 116736K, used 2080K [0x00000000eab00000, 0x00000000f2880000, 0x0000000100000000)
  eden space 107008K, 0% used [0x00000000eab00000,0x00000000eab00000,0x00000000f1380000)
  from space 9728K, 21% used [0x00000000f1f00000,0x00000000f21081c0,0x00000000f2880000)
  to   space 10752K, 0% used [0x00000000f1380000,0x00000000f1380000,0x00000000f1e00000)
 ParOldGen       total 48640K, used 37568K [0x00000000c0000000, 0x00000000c2f80000, 0x00000000eab00000)
  object space 48640K, 77% used [0x00000000c0000000,0x00000000c24b0038,0x00000000c2f80000)
 Metaspace       used 55869K, capacity 57304K, committed 57392K, reserved 1101824K
  class space    used 7749K, capacity 8161K, committed 8240K, reserved 1048576K
GC Heap History (10 events):
Event: 18.444 GC heap after
Heap after GC invocations=16 (full 2):
 PSYoungGen      total 80896K, used 0K [0x00000000eab00000, 0x00000000f0f80000, 0x0000000100000000)
  eden space 73216K, 0% used [0x00000000eab00000,0x00000000eab00000,0x00000000ef280000)
  from space 7680K, 0% used [0x00000000efa80000,0x00000000efa80000,0x00000000f0200000)
  to   space 8192K, 0% used [0x00000000ef280000,0x00000000ef280000,0x00000000efa80000)
 ParOldGen       total 48640K, used 17375K [0x00000000c0000000, 0x00000000c2f80000, 0x00000000eab00000)
  object space 48640K, 35% used [0x00000000c0000000,0x00000000c10f7c10,0x00000000c2f80000)
 Metaspace       used 34674K, capacity 35374K, committed 35496K, reserved 1079296K
  class space    used 4887K, capacity 5140K, committed 5168K, reserved 1048576K
}
Event: 20.728 GC heap before
{Heap before GC invocations=17 (full 2):
 PSYoungGen      total 80896K, used 73216K [0x00000000eab00000, 0x00000000f0f80000, 0x0000000100000000)
  eden space 73216K, 100% used [0x00000000eab00000,0x00000000ef280000,0x00000000ef280000)
  from space 7680K, 0% used [0x00000000efa80000,0x00000000efa80000,0x00000000f0200000)
  to   space 8192K, 0% used [0x00000000ef280000,0x00000000ef280000,0x00000000efa80000)
 ParOldGen       total 48640K, used 17375K [0x00000000c0000000, 0x00000000c2f80000, 0x00000000eab00000)
  object space 48640K, 35% used [0x00000000c0000000,0x00000000c10f7c10,0x00000000c2f80000)
 Metaspace       used 41873K, capacity 42702K, committed 42928K, reserved 1085440K
  class space    used 5751K, capacity 6034K, committed 6064K, reserved 1048576K
Event: 20.741 GC heap after
Heap after GC invocations=17 (full 2):
 PSYoungGen      total 81408K, used 8189K [0x00000000eab00000, 0x00000000f2900000, 0x0000000100000000)
  eden space 73216K, 0% used [0x00000000eab00000,0x00000000eab00000,0x00000000ef280000)
  from space 8192K, 99% used [0x00000000ef280000,0x00000000efa7f5e8,0x00000000efa80000)
  to   space 10240K, 0% used [0x00000000f1f00000,0x00000000f1f00000,0x00000000f2900000)
 ParOldGen       total 48640K, used 20581K [0x00000000c0000000, 0x00000000c2f80000, 0x00000000eab00000)
  object space 48640K, 42% used [0x00000000c0000000,0x00000000c1419748,0x00000000c2f80000)
 Metaspace       used 41873K, capacity 42702K, committed 42928K, reserved 1085440K
  class space    used 5751K, capacity 6034K, committed 6064K, reserved 1048576K
}
Event: 24.854 GC heap before
{Heap before GC invocations=18 (full 2):
 PSYoungGen      total 81408K, used 81405K [0x00000000eab00000, 0x00000000f2900000, 0x0000000100000000)
  eden space 73216K, 100% used [0x00000000eab00000,0x00000000ef280000,0x00000000ef280000)
  from space 8192K, 99% used [0x00000000ef280000,0x00000000efa7f5e8,0x00000000efa80000)
  to   space 10240K, 0% used [0x00000000f1f00000,0x00000000f1f00000,0x00000000f2900000)
 ParOldGen       total 48640K, used 20581K [0x00000000c0000000, 0x00000000c2f80000, 0x00000000eab00000)
  object space 48640K, 42% used [0x00000000c0000000,0x00000000c1419748,0x00000000c2f80000)
 Metaspace       used 48186K, capacity 49188K, committed 49584K, reserved 1091584K
  class space    used 6634K, capacity 6970K, committed 7088K, reserved 1048576K
Event: 24.871 GC heap after
Heap after GC invocations=18 (full 2):
 PSYoungGen      total 116736K, used 7188K [0x00000000eab00000, 0x00000000f2880000, 0x0000000100000000)
  eden space 107008K, 0% used [0x00000000eab00000,0x00000000eab00000,0x00000000f1380000)
  from space 9728K, 73% used [0x00000000f1f00000,0x00000000f2605150,0x00000000f2880000)
  to   space 10752K, 0% used [0x00000000f1380000,0x00000000f1380000,0x00000000f1e00000)
 ParOldGen       total 48640K, used 26213K [0x00000000c0000000, 0x00000000c2f80000, 0x00000000eab00000)
  object space 48640K, 53% used [0x00000000c0000000,0x00000000c19996d0,0x00000000c2f80000)
 Metaspace       used 48186K, capacity 49188K, committed 49584K, reserved 1091584K
  class space    used 6634K, capacity 6970K, committed 7088K, reserved 1048576K
}
Event: 28.857 GC heap before
{Heap before GC invocations=19 (full 2):
 PSYoungGen      total 116736K, used 114196K [0x00000000eab00000, 0x00000000f2880000, 0x0000000100000000)
  eden space 107008K, 100% used [0x00000000eab00000,0x00000000f1380000,0x00000000f1380000)
  from space 9728K, 73% used [0x00000000f1f00000,0x00000000f2605150,0x00000000f2880000)
  to   space 10752K, 0% used [0x00000000f1380000,0x00000000f1380000,0x00000000f1e00000)
 ParOldGen       total 48640K, used 26213K [0x00000000c0000000, 0x00000000c2f80000, 0x00000000eab00000)
  object space 48640K, 53% used [0x00000000c0000000,0x00000000c19996d0,0x00000000c2f80000)
 Metaspace       used 55258K, capacity 56676K, committed 56752K, reserved 1097728K
  class space    used 7660K, capacity 8046K, committed 8112K, reserved 1048576K
Event: 28.883 GC heap after
Heap after GC invocations=19 (full 2):
 PSYoungGen      total 117760K, used 10741K [0x00000000eab00000, 0x00000000f2880000, 0x0000000100000000)
  eden space 107008K, 0% used [0x00000000eab00000,0x00000000eab00000,0x00000000f1380000)
  from space 10752K, 99% used [0x00000000f1380000,0x00000000f1dfd420,0x00000000f1e00000)
  to   space 9728K, 0% used [0x00000000f1f00000,0x00000000f1f00000,0x00000000f2880000)
 ParOldGen       total 48640K, used 31121K [0x00000000c0000000, 0x00000000c2f80000, 0x00000000eab00000)
  object space 48640K, 63% used [0x00000000c0000000,0x00000000c1e64480,0x00000000c2f80000)
 Metaspace       used 55258K, capacity 56676K, committed 56752K, reserved 1097728K
  class space    used 7660K, capacity 8046K, committed 8112K, reserved 1048576K
}
Event: 29.496 GC heap before
{Heap before GC invocations=20 (full 2):
 PSYoungGen      total 117760K, used 27443K [0x00000000eab00000, 0x00000000f2880000, 0x0000000100000000)
  eden space 107008K, 15% used [0x00000000eab00000,0x00000000ebb4f948,0x00000000f1380000)
  from space 10752K, 99% used [0x00000000f1380000,0x00000000f1dfd420,0x00000000f1e00000)
  to   space 9728K, 0% used [0x00000000f1f00000,0x00000000f1f00000,0x00000000f2880000)
 ParOldGen       total 48640K, used 31121K [0x00000000c0000000, 0x00000000c2f80000, 0x00000000eab00000)
  object space 48640K, 63% used [0x00000000c0000000,0x00000000c1e64480,0x00000000c2f80000)
 Metaspace       used 55869K, capacity 57304K, committed 57392K, reserved 1101824K
  class space    used 7749K, capacity 8161K, committed 8240K, reserved 1048576K
Event: 29.518 GC heap after
Heap after GC invocations=20 (full 2):
 PSYoungGen      total 116736K, used 2080K [0x00000000eab00000, 0x00000000f2880000, 0x0000000100000000)
  eden space 107008K, 0% used [0x00000000eab00000,0x00000000eab00000,0x00000000f1380000)
  from space 9728K, 21% used [0x00000000f1f00000,0x00000000f21081c0,0x00000000f2880000)
  to   space 10752K, 0% used [0x00000000f1380000,0x00000000f1380000,0x00000000f1e00000)
 ParOldGen       total 48640K, used 37568K [0x00000000c0000000, 0x00000000c2f80000, 0x00000000eab00000)
  object space 48640K, 77% used [0x00000000c0000000,0x00000000c24b0038,0x00000000c2f80000)
 Metaspace       used 55869K, capacity 57304K, committed 57392K, reserved 1101824K
  class space    used 7749K, capacity 8161K, committed 8240K, reserved 1048576K
}
Event: 29.518 GC heap before
{Heap before GC invocations=21 (full 3):
 PSYoungGen      total 116736K, used 2080K [0x00000000eab00000, 0x00000000f2880000, 0x0000000100000000)
  eden space 107008K, 0% used [0x00000000eab00000,0x00000000eab00000,0x00000000f1380000)
  from space 9728K, 21% used [0x00000000f1f00000,0x00000000f21081c0,0x00000000f2880000)
  to   space 10752K, 0% used [0x00000000f1380000,0x00000000f1380000,0x00000000f1e00000)
 ParOldGen       total 48640K, used 37568K [0x00000000c0000000, 0x00000000c2f80000, 0x00000000eab00000)
  object space 48640K, 77% used [0x00000000c0000000,0x00000000c24b0038,0x00000000c2f80000)
 Metaspace       used 55869K, capacity 57304K, committed 57392K, reserved 1101824K
  class space    used 7749K, capacity 8161K, committed 8240K, reserved 1048576K

